Build started 2022/10/11 16:17:46.
     1>Project "C:\code\networktest\src\clovertun\test\networktest.vcxproj" on node 2 (Build target(s)).
     1>ClCompile:
         C:\Program Files (x86)\Microsoft Visual Studio 12.0\VC\bin\CL.exe /c /ZI /nologo /W3 /WX- /Od /Oy- /D WIN32 /D _DEBUG /D _CONSOLE /D _LIB /D _UNICODE /D UNICODE /Gm /EHsc /RTC1 /MDd /GS /fp:precise /Zc:wchar_t /Zc:forScope /Fo"Debug\\" /Fd"Debug\vc120.pdb" /Gd /TP /analyze- /errorReport:prompt enettest.cpp main.cpp tcptest.cpp udptest.cpp
         udptest.cpp
     1>c:\code\networktest\src\clovertun\test\udptest.cpp(1): fatal error C1083: Cannot open include file: 'stdafx.h': No such file or directory
         tcptest.cpp
     1>c:\code\networktest\src\clovertun\test\tcptest.cpp(1): fatal error C1083: Cannot open include file: 'stdafx.h': No such file or directory
         main.cpp
     1>c:\code\networktest\src\clovertun\test\main.cpp(1): fatal error C1083: Cannot open include file: 'stdafx.h': No such file or directory
         enettest.cpp
     1>c:\code\networktest\src\clovertun\test\enettest.cpp(1): fatal error C1083: Cannot open include file: 'stdafx.h': No such file or directory
         Generating Code...
     1>Done Building Project "C:\code\networktest\src\clovertun\test\networktest.vcxproj" (Build target(s)) -- FAILED.

Build FAILED.

Time Elapsed 00:00:00.77
